<?xml version="1.0" encoding="UTF-8"?>
<!-- Generated by org.testng.reporters.JUnitXMLReporter -->
<testsuite ignored="0" hostname="Shumis-Air.fios-router.home" failures="0" tests="5" name="Default test" time="0.302" errors="0" timestamp="2023-05-16T13:34:11 EDT">
  <testcase classname="misc.UnitTest" name="confiNumTest" time="0.014"/>
  <testcase classname="misc.UnitTest" name="configurationUnitTest" time="0.005"/>
  <testcase classname="misc.UnitTest" name="dateTest" time="0.167"/>
  <testcase classname="misc.UnitTest" name="fileops" time="0.005"/>
  <testcase classname="misc.UnitTest" name="systemGetPropTest" time="0.003"/>
</testsuite> <!-- Default test -->
