<?xml version="1.0" encoding="UTF-8"?>
<!-- Generated by org.testng.reporters.JUnitXMLReporter -->
<testsuite ignored="0" hostname="Shumis-Air.fios-router.home" failures="1" tests="1" name="ChromeTest" time="20.642" errors="0" timestamp="2023-05-16T18:07:36 EDT">
  <testcase classname="allTest.FailedTest" name="getA_Quote" time="10.049">
    <failure type="java.lang.AssertionError" message="null">
      <![CDATA[java.lang.AssertionError: null
at allTest.FailedTest.getA_Quote(FailedTest.java:23)
at java.base/java.util.ArrayList.forEach(ArrayList.java:1511)
... Removed 29 stack frames]]>
    </failure>
  </testcase> <!-- getA_Quote -->
</testsuite> <!-- ChromeTest -->
