<?xml version="1.0" encoding="UTF-8"?>
<testng-results ignored="0" total="1" passed="0" failed="1" skipped="0">
  <reporter-output>
    <line>
      <![CDATA[[[ChromeDriver: chrome on MAC (8ce229657cba763a9e5adac174424722)] -> xpath: (//span[text()='Claims'])[2]] Has been clicked<b>]]>
    </line>
  </reporter-output>
  <suite started-at="2023-05-14T00:30:07 EDT" name="Default suite" finished-at="2023-05-14T00:30:42 EDT" duration-ms="34751">
    <groups>
    </groups>
    <test started-at="2023-05-14T00:30:07 EDT" name="Default test" finished-at="2023-05-14T00:30:42 EDT" duration-ms="34751">
      <class name="AllTest.ClaimsTest">
        <test-method is-config="true" signature="beforeEachTest()[pri:0, instance:AllTest.ClaimsTest@1151e434]" started-at="2023-05-14T00:30:07 EDT" name="beforeEachTest" finished-at="2023-05-14T00:30:20 EDT" duration-ms="12519" status="PASS">
          <reporter-output>
          </reporter-output>
        </test-method> <!-- beforeEachTest -->
        <test-method signature="clamimsTest()[pri:0, instance:AllTest.ClaimsTest@1151e434]" started-at="2023-05-14T00:30:20 EDT" name="clamimsTest" finished-at="2023-05-14T00:30:42 EDT" duration-ms="21733" status="FAIL">
          <exception class="org.openqa.selenium.ElementNotInteractableException">
            <message>
              <![CDATA[element not interactable
  (Session info: chrome=113.0.5672.92)
Build info: version: '4.8.3', revision: 'e5e76298c3'
System info: os.name: 'Mac OS X', os.arch: 'x86_64', os.version: '12.6.3', java.version: '17.0.4'
Driver info: org.openqa.selenium.chrome.ChromeDriver
Command: [8ce229657cba763a9e5adac174424722, clickElement {id=1B9E78E097E1AEBA42EE117E7AD7DE30_element_60}]
Capabilities {acceptInsecureCerts: false, browserName: chrome, browserVersion: 113.0.5672.92, chrome: {chromedriverVersion: 113.0.5672.63 (0e1a4471d5ae..., userDataDir: /var/folders/qk/bzgkrfp95tq...}, goog:chromeOptions: {debuggerAddress: localhost:54521}, networkConnectionEnabled: false, pageLoadStrategy: normal, platformName: MAC, proxy: Proxy(), se:cdp: ws://localhost:54521/devtoo..., se:cdpVersion: 113.0.5672.92, setWindowRect: true, strictFileInteractability: false, timeouts: {implicit: 0, pageLoad: 300000, script: 30000}, unhandledPromptBehavior: dismiss and notify, webauthn:extension:credBlob: true, webauthn:extension:largeBlob: true, webauthn:extension:minPinLength: true, webauthn:extension:prf: true, webauthn:virtualAuthenticators: true}
Element: [[ChromeDriver: chrome on MAC (8ce229657cba763a9e5adac174424722)] -> xpath: //a[text()='Roadside Assistance']]
Session ID: 8ce229657cba763a9e5adac174424722]]>
            </message>
            <full-stacktrace>
              <![CDATA[org.openqa.selenium.ElementNotInteractableException: element not interactable
  (Session info: chrome=113.0.5672.92)
Build info: version: '4.8.3', revision: 'e5e76298c3'
System info: os.name: 'Mac OS X', os.arch: 'x86_64', os.version: '12.6.3', java.version: '17.0.4'
Driver info: org.openqa.selenium.chrome.ChromeDriver
Command: [8ce229657cba763a9e5adac174424722, clickElement {id=1B9E78E097E1AEBA42EE117E7AD7DE30_element_60}]
Capabilities {acceptInsecureCerts: false, browserName: chrome, browserVersion: 113.0.5672.92, chrome: {chromedriverVersion: 113.0.5672.63 (0e1a4471d5ae..., userDataDir: /var/folders/qk/bzgkrfp95tq...}, goog:chromeOptions: {debuggerAddress: localhost:54521}, networkConnectionEnabled: false, pageLoadStrategy: normal, platformName: MAC, proxy: Proxy(), se:cdp: ws://localhost:54521/devtoo..., se:cdpVersion: 113.0.5672.92, setWindowRect: true, strictFileInteractability: false, timeouts: {implicit: 0, pageLoad: 300000, script: 30000}, unhandledPromptBehavior: dismiss and notify, webauthn:extension:credBlob: true, webauthn:extension:largeBlob: true, webauthn:extension:minPinLength: true, webauthn:extension:prf: true, webauthn:virtualAuthenticators: true}
Element: [[ChromeDriver: chrome on MAC (8ce229657cba763a9e5adac174424722)] -> xpath: //a[text()='Roadside Assistance']]
Session ID: 8ce229657cba763a9e5adac174424722
at java.base/jdk.internal.reflect.NativeConstructorAccessorImpl.newInstance0(Native Method)
at java.base/jdk.internal.reflect.NativeConstructorAccessorImpl.newInstance(NativeConstructorAccessorImpl.java:77)
at java.base/jdk.internal.reflect.DelegatingConstructorAccessorImpl.newInstance(DelegatingConstructorAccessorImpl.java:45)
at java.base/java.lang.reflect.Constructor.newInstanceWithCaller(Constructor.java:499)
at java.base/java.lang.reflect.Constructor.newInstance(Constructor.java:480)
at org.openqa.selenium.remote.codec.w3c.W3CHttpResponseCodec.createException(W3CHttpResponseCodec.java:200)
at org.openqa.selenium.remote.codec.w3c.W3CHttpResponseCodec.decode(W3CHttpResponseCodec.java:133)
at org.openqa.selenium.remote.codec.w3c.W3CHttpResponseCodec.decode(W3CHttpResponseCodec.java:53)
at org.openqa.selenium.remote.HttpCommandExecutor.execute(HttpCommandExecutor.java:193)
at org.openqa.selenium.remote.service.DriverCommandExecutor.invokeExecute(DriverCommandExecutor.java:183)
at org.openqa.selenium.remote.service.DriverCommandExecutor.execute(DriverCommandExecutor.java:158)
at org.openqa.selenium.remote.RemoteWebDriver.execute(RemoteWebDriver.java:543)
at org.openqa.selenium.remote.RemoteWebElement.execute(RemoteWebElement.java:257)
at org.openqa.selenium.remote.RemoteWebElement.click(RemoteWebElement.java:78)
at java.base/jdk.internal.reflect.NativeMethodAccessorImpl.invoke0(Native Method)
at java.base/jdk.internal.reflect.NativeMethodAccessorImpl.invoke(NativeMethodAccessorImpl.java:77)
at java.base/jdk.internal.reflect.DelegatingMethodAccessorImpl.invoke(DelegatingMethodAccessorImpl.java:43)
at java.base/java.lang.reflect.Method.invoke(Method.java:568)
at org.openqa.selenium.support.pagefactory.internal.LocatingElementHandler.invoke(LocatingElementHandler.java:52)
at jdk.proxy2/jdk.proxy2.$Proxy16.click(Unknown Source)
at common.CommonAction.click(CommonAction.java:23)
at object.Claims.clickRoadside(Claims.java:34)
at AllTest.ClaimsTest.clamimsTest(ClaimsTest.java:12)
at java.base/jdk.internal.reflect.NativeMethodAccessorImpl.invoke0(Native Method)
at java.base/jdk.internal.reflect.NativeMethodAccessorImpl.invoke(NativeMethodAccessorImpl.java:77)
at java.base/jdk.internal.reflect.DelegatingMethodAccessorImpl.invoke(DelegatingMethodAccessorImpl.java:43)
at java.base/java.lang.reflect.Method.invoke(Method.java:568)
at org.testng.internal.invokers.MethodInvocationHelper.invokeMethod(MethodInvocationHelper.java:139)
at org.testng.internal.invokers.TestInvoker.invokeMethod(TestInvoker.java:677)
at org.testng.internal.invokers.TestInvoker.invokeTestMethod(TestInvoker.java:221)
at org.testng.internal.invokers.MethodRunner.runInSequence(MethodRunner.java:50)
at org.testng.internal.invokers.TestInvoker$MethodInvocationAgent.invoke(TestInvoker.java:969)
at org.testng.internal.invokers.TestInvoker.invokeTestMethods(TestInvoker.java:194)
at org.testng.internal.invokers.TestMethodWorker.invokeTestMethods(TestMethodWorker.java:148)
at org.testng.internal.invokers.TestMethodWorker.run(TestMethodWorker.java:128)
at java.base/java.util.ArrayList.forEach(ArrayList.java:1511)
at org.testng.TestRunner.privateRun(TestRunner.java:829)
at org.testng.TestRunner.run(TestRunner.java:602)
at org.testng.SuiteRunner.runTest(SuiteRunner.java:437)
at org.testng.SuiteRunner.runSequentially(SuiteRunner.java:431)
at org.testng.SuiteRunner.privateRun(SuiteRunner.java:391)
at org.testng.SuiteRunner.run(SuiteRunner.java:330)
at org.testng.SuiteRunnerWorker.runSuite(SuiteRunnerWorker.java:52)
at org.testng.SuiteRunnerWorker.run(SuiteRunnerWorker.java:95)
at org.testng.TestNG.runSuitesSequentially(TestNG.java:1256)
at org.testng.TestNG.runSuitesLocally(TestNG.java:1176)
at org.testng.TestNG.runSuites(TestNG.java:1099)
at org.testng.TestNG.run(TestNG.java:1067)
at org.testng.remote.AbstractRemoteTestNG.run(AbstractRemoteTestNG.java:115)
at org.testng.remote.RemoteTestNG.initAndRun(RemoteTestNG.java:251)
at org.testng.remote.RemoteTestNG.main(RemoteTestNG.java:77)
]]>
            </full-stacktrace>
          </exception> <!-- org.openqa.selenium.ElementNotInteractableException -->
          <reporter-output>
            <line>
              <![CDATA[[[ChromeDriver: chrome on MAC (8ce229657cba763a9e5adac174424722)] -> xpath: (//span[text()='Claims'])[2]] Has been clicked<b>]]>
            </line>
          </reporter-output>
        </test-method> <!-- clamimsTest -->
        <test-method is-config="true" signature="closingBrower()[pri:0, instance:AllTest.ClaimsTest@1151e434]" started-at="2023-05-14T00:30:42 EDT" name="closingBrower" finished-at="2023-05-14T00:30:42 EDT" duration-ms="414" status="PASS">
          <reporter-output>
          </reporter-output>
        </test-method> <!-- closingBrower -->
      </class> <!-- AllTest.ClaimsTest -->
    </test> <!-- Default test -->
  </suite> <!-- Default suite -->
</testng-results>
